build/app/outputs/mapping/release/mapping.txt
# compiler: R8
# compiler_version: 1.5.64
# min_api: 21
# pg_map_id: 9ee9357
...
com.google.firebase.firestore.remote.-$$Lambda$Msev-QVDjcNZLHfr1YPKnwH97b0 -> com.google.firebase.firestore.c1.v:
    com.google.firebase.firestore.remote.-$$Lambda$Msev-QVDjcNZLHfr1YPKnwH97b0 INSTANCE -> a
    void onSuccess(java.lang.Object) -> a
com.google.firebase.firestore.remote.-$$Lambda$OnlineStateTracker$DXnyFrjQ9_sYpi_G5SK0G9fFlo8 -> com.google.firebase.firestore.c1.w:
    com.google.firebase.firestore.remote.OnlineStateTracker f$0 -> j
com.google.firebase.firestore.remote.-$$Lambda$RemoteStore$4LJgFwsRl02w_KLtmdCqfIqToR0 -> com.google.firebase.firestore.c1.x:
    com.google.firebase.firestore.remote.RemoteStore f$0 -> a
    com.google.firebase.firestore.util.AsyncQueue f$1 -> b
    void accept(java.lang.Object) -> a
com.google.firebase.firestore.remote.-$$Lambda$RemoteStore$LNbXG4_jZIp_kMhW8tW4f12ugiY -> com.google.firebase.firestore.c1.y:
    com.google.firebase.firestore.remote.ConnectivityMonitor$NetworkStatus f$1 -> k
    com.google.firebase.firestore.remote.RemoteStore f$0 -> j
com.google.firebase.firestore.remote.-$$Lambda$eFnyHBrhC5JMXnSN23iXFgsJNjM -> com.google.firebase.firestore.c1.z:
    com.google.firebase.firestore.remote.RemoteStore$RemoteStoreCallback f$0 -> a
    void handleOnlineStateChange(com.google.firebase.firestore.core.OnlineState) -> a
com.google.firebase.firestore.remote.AbstractStream -> com.google.firebase.firestore.c1.a0:
    long closeCount -> j
    com.google.firebase.firestore.remote.AbstractStream$IdleTimeoutRunnable idleTimeoutRunnable -> e
    com.google.firebase.firestore.util.ExponentialBackoff backoff -> l
    com.google.firebase.firestore.remote.Stream$State state -> i
    com.google.firebase.firestore.util.AsyncQueue$DelayedTask healthCheck -> a
    com.google.firebase.firestore.remote.FirestoreChannel firestoreChannel -> c
    com.google.firebase.firestore.util.AsyncQueue$DelayedTask idleTimer -> b
    io.grpc.MethodDescriptor methodDescriptor -> d
    long BACKOFF_CLIENT_NETWORK_FAILURE_MAX_DELAY_MS -> r
    long HEALTHY_TIMEOUT_MS -> q
    io.grpc.ClientCall call -> k
    com.google.firebase.firestore.remote.Stream$StreamCallback listener -> m
    com.google.firebase.firestore.util.AsyncQueue$TimerId idleTimerId -> g
    long BACKOFF_INITIAL_DELAY_MS -> n
    com.google.firebase.firestore.util.AsyncQueue$TimerId healthTimerId -> h
    long IDLE_TIMEOUT_MS -> p
    long BACKOFF_MAX_DELAY_MS -> o
    com.google.firebase.firestore.util.AsyncQueue workerQueue -> f
    com.google.firebase.firestore.util.AsyncQueue access$000(com.google.firebase.firestore.remote.AbstractStream) -> a
    void close(com.google.firebase.firestore.remote.Stream$State,io.grpc.Status) -> a
    void handleServerClose(io.grpc.Status) -> a
    void inhibitBackoff() -> a
    void onNext(java.lang.Object) -> a
com.google.firebase.firestore.remote.AbstractStream$CloseGuardedRunner -> com.google.firebase.firestore.c1.a0$a:
    com.google.firebase.firestore.remote.AbstractStream this$0 -> b
    long initialCloseCount -> a
    void run(java.lang.Runnable) -> a
com.google.firebase.firestore.remote.AbstractStream$IdleTimeoutRunnable -> com.google.firebase.firestore.c1.a0$b:
    com.google.firebase.firestore.remote.AbstractStream this$0 -> j
com.google.firebase.firestore.remote.AbstractStream$StreamObserver -> com.google.firebase.firestore.c1.a0$c:
    com.google.firebase.firestore.remote.AbstractStream$CloseGuardedRunner dispatcher -> a
    com.google.firebase.firestore.remote.AbstractStream this$0 -> b
    void onClose(io.grpc.Status) -> a
    void onHeaders(io.grpc.Metadata) -> a
    void onNext(java.lang.Object) -> a
    void onOpen() -> a
    void lambda$onClose$3(io.grpc.Status) -> b
    void lambda$onHeaders$0(io.grpc.Metadata) -> b
    void lambda$onNext$1(java.lang.Object) -> b
    void lambda$onOpen$2() -> b